        -:    0:Source:/usr/include/c++/8/bits/basic_string.h
        -:    0:Graph:viosslfactories.cc.gcno
        -:    0:Data:viosslfactories.cc.gcda
        -:    0:Runs:4
        -:    0:Programs:2
        -:    1:// Components for manipulating sequences of characters -*- C++ -*-
        -:    2:
        -:    3:// Copyright (C) 1997-2018 Free Software Foundation, Inc.
        -:    4://
        -:    5:// This file is part of the GNU ISO C++ Library.  This library is free
        -:    6:// software; you can redistribute it and/or modify it under the
        -:    7:// terms of the GNU General Public License as published by the
        -:    8:// Free Software Foundation; either version 3, or (at your option)
        -:    9:// any later version.
        -:   10:
        -:   11:// This library is distributed in the hope that it will be useful,
        -:   12:// but WITHOUT ANY WARRANTY; without even the implied warranty of
        -:   13:// MERCHANTABILITY or FITNESS FOR A PARTICULAR PURPOSE.  See the
        -:   14:// GNU General Public License for more details.
        -:   15:
        -:   16:// Under Section 7 of GPL version 3, you are granted additional
        -:   17:// permissions described in the GCC Runtime Library Exception, version
        -:   18:// 3.1, as published by the Free Software Foundation.
        -:   19:
        -:   20:// You should have received a copy of the GNU General Public License and
        -:   21:// a copy of the GCC Runtime Library Exception along with this program;
        -:   22:// see the files COPYING3 and COPYING.RUNTIME respectively.  If not, see
        -:   23:// <http://www.gnu.org/licenses/>.
        -:   24:
        -:   25:/** @file bits/basic_string.h
        -:   26: *  This is an internal header file, included by other library headers.
        -:   27: *  Do not attempt to use it directly. @headername{string}
        -:   28: */
        -:   29:
        -:   30://
        -:   31:// ISO C++ 14882: 21 Strings library
        -:   32://
        -:   33:
        -:   34:#ifndef _BASIC_STRING_H
        -:   35:#define _BASIC_STRING_H 1
        -:   36:
        -:   37:#pragma GCC system_header
        -:   38:
        -:   39:#include <ext/atomicity.h>
        -:   40:#include <ext/alloc_traits.h>
        -:   41:#include <debug/debug.h>
        -:   42:
        -:   43:#if __cplusplus >= 201103L
        -:   44:#include <initializer_list>
        -:   45:#endif
        -:   46:
        -:   47:#if __cplusplus > 201402L
        -:   48:# include <string_view>
        -:   49:#endif
        -:   50:
        -:   51:
        -:   52:namespace std _GLIBCXX_VISIBILITY(default)
        -:   53:{
        -:   54:_GLIBCXX_BEGIN_NAMESPACE_VERSION
        -:   55:
        -:   56:#if _GLIBCXX_USE_CXX11_ABI
        -:   57:_GLIBCXX_BEGIN_NAMESPACE_CXX11
        -:   58:  /**
        -:   59:   *  @class basic_string basic_string.h <string>
        -:   60:   *  @brief  Managing sequences of characters and character-like objects.
        -:   61:   *
        -:   62:   *  @ingroup strings
        -:   63:   *  @ingroup sequences
        -:   64:   *
        -:   65:   *  @tparam _CharT  Type of character
        -:   66:   *  @tparam _Traits  Traits for character type, defaults to
        -:   67:   *                   char_traits<_CharT>.
        -:   68:   *  @tparam _Alloc  Allocator type, defaults to allocator<_CharT>.
        -:   69:   *
        -:   70:   *  Meets the requirements of a <a href="tables.html#65">container</a>, a
        -:   71:   *  <a href="tables.html#66">reversible container</a>, and a
        -:   72:   *  <a href="tables.html#67">sequence</a>.  Of the
        -:   73:   *  <a href="tables.html#68">optional sequence requirements</a>, only
        -:   74:   *  @c push_back, @c at, and @c %array access are supported.
        -:   75:   */
        -:   76:  template<typename _CharT, typename _Traits, typename _Alloc>
        -:   77:    class basic_string
        -:   78:    {
        -:   79:      typedef typename __gnu_cxx::__alloc_traits<_Alloc>::template
        -:   80:	rebind<_CharT>::other _Char_alloc_type;
        -:   81:      typedef __gnu_cxx::__alloc_traits<_Char_alloc_type> _Alloc_traits;
        -:   82:
        -:   83:      // Types:
        -:   84:    public:
        -:   85:      typedef _Traits					traits_type;
        -:   86:      typedef typename _Traits::char_type		value_type;
        -:   87:      typedef _Char_alloc_type				allocator_type;
        -:   88:      typedef typename _Alloc_traits::size_type		size_type;
        -:   89:      typedef typename _Alloc_traits::difference_type	difference_type;
        -:   90:      typedef typename _Alloc_traits::reference		reference;
        -:   91:      typedef typename _Alloc_traits::const_reference	const_reference;
        -:   92:      typedef typename _Alloc_traits::pointer		pointer;
        -:   93:      typedef typename _Alloc_traits::const_pointer	const_pointer;
        -:   94:      typedef __gnu_cxx::__normal_iterator<pointer, basic_string>  iterator;
        -:   95:      typedef __gnu_cxx::__normal_iterator<const_pointer, basic_string>
        -:   96:							const_iterator;
        -:   97:      typedef std::reverse_iterator<const_iterator>	const_reverse_iterator;
        -:   98:      typedef std::reverse_iterator<iterator>		reverse_iterator;
        -:   99:
        -:  100:      ///  Value returned by various member functions when they fail.
        -:  101:      static const size_type	npos = static_cast<size_type>(-1);
        -:  102:
        -:  103:    private:
        -:  104:      // type used for positions in insert, erase etc.
        -:  105:#if __cplusplus < 201103L
        -:  106:      typedef iterator __const_iterator;
        -:  107:#else
        -:  108:      typedef const_iterator __const_iterator;
        -:  109:#endif
        -:  110:
        -:  111:#if __cplusplus > 201402L
        -:  112:      // A helper type for avoiding boiler-plate.
        -:  113:      typedef basic_string_view<_CharT, _Traits> __sv_type;
        -:  114:
        -:  115:      template<typename _Tp, typename _Res>
        -:  116:	using _If_sv = enable_if_t<
        -:  117:	  __and_<is_convertible<const _Tp&, __sv_type>,
        -:  118:		 __not_<is_convertible<const _Tp*, const basic_string*>>,
        -:  119:		 __not_<is_convertible<const _Tp&, const _CharT*>>>::value,
        -:  120:	  _Res>;
        -:  121:
        -:  122:      // Allows an implicit conversion to __sv_type.
        -:  123:      static __sv_type
        -:  124:      _S_to_string_view(__sv_type __svt) noexcept
        -:  125:      { return __svt; }
        -:  126:
        -:  127:      // Wraps a string_view by explicit conversion and thus
        -:  128:      // allows to add an internal constructor that does not
        -:  129:      // participate in overload resolution when a string_view
        -:  130:      // is provided.
        -:  131:      struct __sv_wrapper
        -:  132:      {
        -:  133:	explicit __sv_wrapper(__sv_type __sv) noexcept : _M_sv(__sv) { }
        -:  134:	__sv_type _M_sv;
        -:  135:      };
        -:  136:#endif
        -:  137:
        -:  138:      // Use empty-base optimization: http://www.cantrip.org/emptyopt.html
        -:  139:      struct _Alloc_hider : allocator_type // TODO check __is_final
        -:  140:      {
        -:  141:#if __cplusplus < 201103L
        -:  142:	_Alloc_hider(pointer __dat, const _Alloc& __a = _Alloc())
        -:  143:	: allocator_type(__a), _M_p(__dat) { }
        -:  144:#else
        -:  145:	_Alloc_hider(pointer __dat, const _Alloc& __a)
        -:  146:	: allocator_type(__a), _M_p(__dat) { }
        -:  147:
    #####:  148:	_Alloc_hider(pointer __dat, _Alloc&& __a = _Alloc())
    #####:  149:	: allocator_type(std::move(__a)), _M_p(__dat) { }
        -:  150:#endif
        -:  151:
        -:  152:	pointer _M_p; // The actual data.
        -:  153:      };
        -:  154:
        -:  155:      _Alloc_hider	_M_dataplus;
        -:  156:      size_type		_M_string_length;
        -:  157:
        -:  158:      enum { _S_local_capacity = 15 / sizeof(_CharT) };
        -:  159:
        -:  160:      union
        -:  161:      {
        -:  162:	_CharT           _M_local_buf[_S_local_capacity + 1];
        -:  163:	size_type        _M_allocated_capacity;
        -:  164:      };
        -:  165:
        -:  166:      void
    #####:  167:      _M_data(pointer __p)
    #####:  168:      { _M_dataplus._M_p = __p; }
        -:  169:
        -:  170:      void
    #####:  171:      _M_length(size_type __length)
    #####:  172:      { _M_string_length = __length; }
        -:  173:
        -:  174:      pointer
    #####:  175:      _M_data() const
    #####:  176:      { return _M_dataplus._M_p; }
        -:  177:
        -:  178:      pointer
    #####:  179:      _M_local_data()
        -:  180:      {
        -:  181:#if __cplusplus >= 201103L
    #####:  182:	return std::pointer_traits<pointer>::pointer_to(*_M_local_buf);
        -:  183:#else
        -:  184:	return pointer(_M_local_buf);
        -:  185:#endif
        -:  186:      }
        -:  187:
        -:  188:      const_pointer
    #####:  189:      _M_local_data() const
        -:  190:      {
        -:  191:#if __cplusplus >= 201103L
    #####:  192:	return std::pointer_traits<const_pointer>::pointer_to(*_M_local_buf);
        -:  193:#else
        -:  194:	return const_pointer(_M_local_buf);
        -:  195:#endif
        -:  196:      }
        -:  197:
        -:  198:      void
    #####:  199:      _M_capacity(size_type __capacity)
    #####:  200:      { _M_allocated_capacity = __capacity; }
        -:  201:
        -:  202:      void
    #####:  203:      _M_set_length(size_type __n)
        -:  204:      {
    #####:  205:	_M_length(__n);
    #####:  206:	traits_type::assign(_M_data()[__n], _CharT());
    #####:  207:      }
        -:  208:
        -:  209:      bool
    #####:  210:      _M_is_local() const
    #####:  211:      { return _M_data() == _M_local_data(); }
        -:  212:
        -:  213:      // Create & Destroy
        -:  214:      pointer
        -:  215:      _M_create(size_type&, size_type);
        -:  216:
        -:  217:      void
    #####:  218:      _M_dispose()
        -:  219:      {
    #####:  220:	if (!_M_is_local())
    #####:  221:	  _M_destroy(_M_allocated_capacity);
    #####:  222:      }
        -:  223:
        -:  224:      void
    #####:  225:      _M_destroy(size_type __size) throw()
    #####:  226:      { _Alloc_traits::deallocate(_M_get_allocator(), _M_data(), __size + 1); }
        -:  227:
        -:  228:      // _M_construct_aux is used to implement the 21.3.1 para 15 which
        -:  229:      // requires special behaviour if _InIterator is an integral type
        -:  230:      template<typename _InIterator>
        -:  231:        void
        -:  232:        _M_construct_aux(_InIterator __beg, _InIterator __end,
        -:  233:			 std::__false_type)
        -:  234:	{
        -:  235:          typedef typename iterator_traits<_InIterator>::iterator_category _Tag;
        -:  236:          _M_construct(__beg, __end, _Tag());
        -:  237:	}
        -:  238:
        -:  239:      // _GLIBCXX_RESOLVE_LIB_DEFECTS
        -:  240:      // 438. Ambiguity in the "do the right thing" clause
        -:  241:      template<typename _Integer>
        -:  242:        void
        -:  243:        _M_construct_aux(_Integer __beg, _Integer __end, std::__true_type)
        -:  244:	{ _M_construct_aux_2(static_cast<size_type>(__beg), __end); }
        -:  245:
        -:  246:      void
        -:  247:      _M_construct_aux_2(size_type __req, _CharT __c)
        -:  248:      { _M_construct(__req, __c); }
        -:  249:
        -:  250:      template<typename _InIterator>
        -:  251:        void
        -:  252:        _M_construct(_InIterator __beg, _InIterator __end)
        -:  253:	{
        -:  254:	  typedef typename std::__is_integer<_InIterator>::__type _Integral;
        -:  255:	  _M_construct_aux(__beg, __end, _Integral());
        -:  256:        }
        -:  257:
        -:  258:      // For Input Iterators, used in istreambuf_iterators, etc.
        -:  259:      template<typename _InIterator>
        -:  260:        void
        -:  261:        _M_construct(_InIterator __beg, _InIterator __end,
        -:  262:		     std::input_iterator_tag);
        -:  263:
        -:  264:      // For forward_iterators up to random_access_iterators, used for
        -:  265:      // string::iterator, _CharT*, etc.
        -:  266:      template<typename _FwdIterator>
        -:  267:        void
        -:  268:        _M_construct(_FwdIterator __beg, _FwdIterator __end,
        -:  269:		     std::forward_iterator_tag);
        -:  270:
        -:  271:      void
        -:  272:      _M_construct(size_type __req, _CharT __c);
        -:  273:
        -:  274:      allocator_type&
    #####:  275:      _M_get_allocator()
    #####:  276:      { return _M_dataplus; }
        -:  277:
        -:  278:      const allocator_type&
    #####:  279:      _M_get_allocator() const
    #####:  280:      { return _M_dataplus; }
        -:  281:
        -:  282:    private:
        -:  283:
        -:  284:#ifdef _GLIBCXX_DISAMBIGUATE_REPLACE_INST
        -:  285:      // The explicit instantiations in misc-inst.cc require this due to
        -:  286:      // https://gcc.gnu.org/bugzilla/show_bug.cgi?id=64063
        -:  287:      template<typename _Tp, bool _Requires =
        -:  288:	       !__are_same<_Tp, _CharT*>::__value
        -:  289:	       && !__are_same<_Tp, const _CharT*>::__value
        -:  290:	       && !__are_same<_Tp, iterator>::__value
        -:  291:	       && !__are_same<_Tp, const_iterator>::__value>
        -:  292:	struct __enable_if_not_native_iterator
        -:  293:	{ typedef basic_string& __type; };
        -:  294:      template<typename _Tp>
        -:  295:	struct __enable_if_not_native_iterator<_Tp, false> { };
        -:  296:#endif
        -:  297:
        -:  298:      size_type
        -:  299:      _M_check(size_type __pos, const char* __s) const
        -:  300:      {
        -:  301:	if (__pos > this->size())
        -:  302:	  __throw_out_of_range_fmt(__N("%s: __pos (which is %zu) > "
        -:  303:				       "this->size() (which is %zu)"),
        -:  304:				   __s, __pos, this->size());
        -:  305:	return __pos;
        -:  306:      }
        -:  307:
        -:  308:      void
    #####:  309:      _M_check_length(size_type __n1, size_type __n2, const char* __s) const
        -:  310:      {
    #####:  311:	if (this->max_size() - (this->size() - __n1) < __n2)
    #####:  312:	  __throw_length_error(__N(__s));
    #####:  313:      }
        -:  314:
        -:  315:
        -:  316:      // NB: _M_limit doesn't check for a bad __pos value.
        -:  317:      size_type
        -:  318:      _M_limit(size_type __pos, size_type __off) const _GLIBCXX_NOEXCEPT
        -:  319:      {
        -:  320:	const bool __testoff =  __off < this->size() - __pos;
        -:  321:	return __testoff ? __off : this->size() - __pos;
        -:  322:      }
        -:  323:
        -:  324:      // True if _Rep and source do not overlap.
        -:  325:      bool
        -:  326:      _M_disjunct(const _CharT* __s) const _GLIBCXX_NOEXCEPT
        -:  327:      {
        -:  328:	return (less<const _CharT*>()(__s, _M_data())
        -:  329:		|| less<const _CharT*>()(_M_data() + this->size(), __s));
        -:  330:      }
        -:  331:
        -:  332:      // When __n = 1 way faster than the general multichar
        -:  333:      // traits_type::copy/move/assign.
        -:  334:      static void
    #####:  335:      _S_copy(_CharT* __d, const _CharT* __s, size_type __n)
        -:  336:      {
    #####:  337:	if (__n == 1)
    #####:  338:	  traits_type::assign(*__d, *__s);
        -:  339:	else
    #####:  340:	  traits_type::copy(__d, __s, __n);
    #####:  341:      }
        -:  342:
        -:  343:      static void
        -:  344:      _S_move(_CharT* __d, const _CharT* __s, size_type __n)
        -:  345:      {
        -:  346:	if (__n == 1)
        -:  347:	  traits_type::assign(*__d, *__s);
        -:  348:	else
        -:  349:	  traits_type::move(__d, __s, __n);
        -:  350:      }
        -:  351:
        -:  352:      static void
        -:  353:      _S_assign(_CharT* __d, size_type __n, _CharT __c)
        -:  354:      {
        -:  355:	if (__n == 1)
        -:  356:	  traits_type::assign(*__d, __c);
        -:  357:	else
        -:  358:	  traits_type::assign(__d, __n, __c);
        -:  359:      }
        -:  360:
        -:  361:      // _S_copy_chars is a separate template to permit specialization
        -:  362:      // to optimize for the common case of pointers as iterators.
        -:  363:      template<class _Iterator>
        -:  364:        static void
        -:  365:        _S_copy_chars(_CharT* __p, _Iterator __k1, _Iterator __k2)
        -:  366:        {
        -:  367:	  for (; __k1 != __k2; ++__k1, (void)++__p)
        -:  368:	    traits_type::assign(*__p, *__k1); // These types are off.
        -:  369:	}
        -:  370:
        -:  371:      static void
        -:  372:      _S_copy_chars(_CharT* __p, iterator __k1, iterator __k2) _GLIBCXX_NOEXCEPT
        -:  373:      { _S_copy_chars(__p, __k1.base(), __k2.base()); }
        -:  374:
        -:  375:      static void
        -:  376:      _S_copy_chars(_CharT* __p, const_iterator __k1, const_iterator __k2)
        -:  377:      _GLIBCXX_NOEXCEPT
        -:  378:      { _S_copy_chars(__p, __k1.base(), __k2.base()); }
        -:  379:
        -:  380:      static void
        -:  381:      _S_copy_chars(_CharT* __p, _CharT* __k1, _CharT* __k2) _GLIBCXX_NOEXCEPT
        -:  382:      { _S_copy(__p, __k1, __k2 - __k1); }
        -:  383:
        -:  384:      static void
        -:  385:      _S_copy_chars(_CharT* __p, const _CharT* __k1, const _CharT* __k2)
        -:  386:      _GLIBCXX_NOEXCEPT
        -:  387:      { _S_copy(__p, __k1, __k2 - __k1); }
        -:  388:
        -:  389:      static int
        -:  390:      _S_compare(size_type __n1, size_type __n2) _GLIBCXX_NOEXCEPT
        -:  391:      {
        -:  392:	const difference_type __d = difference_type(__n1 - __n2);
        -:  393:
        -:  394:	if (__d > __gnu_cxx::__numeric_traits<int>::__max)
        -:  395:	  return __gnu_cxx::__numeric_traits<int>::__max;
        -:  396:	else if (__d < __gnu_cxx::__numeric_traits<int>::__min)
        -:  397:	  return __gnu_cxx::__numeric_traits<int>::__min;
        -:  398:	else
        -:  399:	  return int(__d);
        -:  400:      }
        -:  401:
        -:  402:      void
        -:  403:      _M_assign(const basic_string&);
        -:  404:
        -:  405:      void
        -:  406:      _M_mutate(size_type __pos, size_type __len1, const _CharT* __s,
        -:  407:		size_type __len2);
        -:  408:
        -:  409:      void
        -:  410:      _M_erase(size_type __pos, size_type __n);
        -:  411:
        -:  412:    public:
        -:  413:      // Construct/copy/destroy:
        -:  414:      // NB: We overload ctors in some cases instead of using default
        -:  415:      // arguments, per 17.4.4.4 para. 2 item 2.
        -:  416:
        -:  417:      /**
        -:  418:       *  @brief  Default constructor creates an empty string.
        -:  419:       */
    #####:  420:      basic_string()
        -:  421:      _GLIBCXX_NOEXCEPT_IF(is_nothrow_default_constructible<_Alloc>::value)
    #####:  422:      : _M_dataplus(_M_local_data())
    #####:  423:      { _M_set_length(0); }
        -:  424:
        -:  425:      /**
        -:  426:       *  @brief  Construct an empty string using allocator @a a.
        -:  427:       */
        -:  428:      explicit
        -:  429:      basic_string(const _Alloc& __a) _GLIBCXX_NOEXCEPT
        -:  430:      : _M_dataplus(_M_local_data(), __a)
        -:  431:      { _M_set_length(0); }
        -:  432:
        -:  433:      /**
        -:  434:       *  @brief  Construct string with copy of value of @a __str.
        -:  435:       *  @param  __str  Source string.
        -:  436:       */
        -:  437:      basic_string(const basic_string& __str)
        -:  438:      : _M_dataplus(_M_local_data(),
        -:  439:		    _Alloc_traits::_S_select_on_copy(__str._M_get_allocator()))
        -:  440:      { _M_construct(__str._M_data(), __str._M_data() + __str.length()); }
        -:  441:
        -:  442:      // _GLIBCXX_RESOLVE_LIB_DEFECTS
        -:  443:      // 2583. no way to supply an allocator for basic_string(str, pos)
        -:  444:      /**
        -:  445:       *  @brief  Construct string as copy of a substring.
        -:  446:       *  @param  __str  Source string.
        -:  447:       *  @param  __pos  Index of first character to copy from.
        -:  448:       *  @param  __a  Allocator to use.
        -:  449:       */
        -:  450:      basic_string(const basic_string& __str, size_type __pos,
        -:  451:		   const _Alloc& __a = _Alloc())
        -:  452:      : _M_dataplus(_M_local_data(), __a)
        -:  453:      {
        -:  454:	const _CharT* __start = __str._M_data()
        -:  455:	  + __str._M_check(__pos, "basic_string::basic_string");
        -:  456:	_M_construct(__start, __start + __str._M_limit(__pos, npos));
        -:  457:      }
        -:  458:
        -:  459:      /**
        -:  460:       *  @brief  Construct string as copy of a substring.
        -:  461:       *  @param  __str  Source string.
        -:  462:       *  @param  __pos  Index of first character to copy from.
        -:  463:       *  @param  __n  Number of characters to copy.
        -:  464:       */
        -:  465:      basic_string(const basic_string& __str, size_type __pos,
        -:  466:		   size_type __n)
        -:  467:      : _M_dataplus(_M_local_data())
        -:  468:      {
        -:  469:	const _CharT* __start = __str._M_data()
        -:  470:	  + __str._M_check(__pos, "basic_string::basic_string");
        -:  471:	_M_construct(__start, __start + __str._M_limit(__pos, __n));
        -:  472:      }
        -:  473:
        -:  474:      /**
        -:  475:       *  @brief  Construct string as copy of a substring.
        -:  476:       *  @param  __str  Source string.
        -:  477:       *  @param  __pos  Index of first character to copy from.
        -:  478:       *  @param  __n  Number of characters to copy.
        -:  479:       *  @param  __a  Allocator to use.
        -:  480:       */
        -:  481:      basic_string(const basic_string& __str, size_type __pos,
        -:  482:		   size_type __n, const _Alloc& __a)
        -:  483:      : _M_dataplus(_M_local_data(), __a)
        -:  484:      {
        -:  485:	const _CharT* __start
        -:  486:	  = __str._M_data() + __str._M_check(__pos, "string::string");
        -:  487:	_M_construct(__start, __start + __str._M_limit(__pos, __n));
        -:  488:      }
        -:  489:
        -:  490:      /**
        -:  491:       *  @brief  Construct string initialized by a character %array.
        -:  492:       *  @param  __s  Source character %array.
        -:  493:       *  @param  __n  Number of characters to copy.
        -:  494:       *  @param  __a  Allocator to use (default is default allocator).
        -:  495:       *
        -:  496:       *  NB: @a __s must have at least @a __n characters, &apos;\\0&apos;
        -:  497:       *  has no special meaning.
        -:  498:       */
        -:  499:      basic_string(const _CharT* __s, size_type __n,
        -:  500:		   const _Alloc& __a = _Alloc())
        -:  501:      : _M_dataplus(_M_local_data(), __a)
        -:  502:      { _M_construct(__s, __s + __n); }
        -:  503:
        -:  504:      /**
        -:  505:       *  @brief  Construct string as copy of a C string.
        -:  506:       *  @param  __s  Source C string.
        -:  507:       *  @param  __a  Allocator to use (default is default allocator).
        -:  508:       */
        -:  509:#if __cpp_deduction_guides && ! defined _GLIBCXX_DEFINING_STRING_INSTANTIATIONS
        -:  510:      // _GLIBCXX_RESOLVE_LIB_DEFECTS
        -:  511:      // 3076. basic_string CTAD ambiguity
        -:  512:      template<typename = _RequireAllocator<_Alloc>>
        -:  513:#endif
        -:  514:      basic_string(const _CharT* __s, const _Alloc& __a = _Alloc())
        -:  515:      : _M_dataplus(_M_local_data(), __a)
        -:  516:      { _M_construct(__s, __s ? __s + traits_type::length(__s) : __s+npos); }
        -:  517:
        -:  518:      /**
        -:  519:       *  @brief  Construct string as multiple characters.
        -:  520:       *  @param  __n  Number of characters.
        -:  521:       *  @param  __c  Character to use.
        -:  522:       *  @param  __a  Allocator to use (default is default allocator).
        -:  523:       */
        -:  524:#if __cpp_deduction_guides && ! defined _GLIBCXX_DEFINING_STRING_INSTANTIATIONS
        -:  525:      // _GLIBCXX_RESOLVE_LIB_DEFECTS
        -:  526:      // 3076. basic_string CTAD ambiguity
        -:  527:      template<typename = _RequireAllocator<_Alloc>>
        -:  528:#endif
        -:  529:      basic_string(size_type __n, _CharT __c, const _Alloc& __a = _Alloc())
        -:  530:      : _M_dataplus(_M_local_data(), __a)
        -:  531:      { _M_construct(__n, __c); }
        -:  532:
        -:  533:#if __cplusplus >= 201103L
        -:  534:      /**
        -:  535:       *  @brief  Move construct string.
        -:  536:       *  @param  __str  Source string.
        -:  537:       *
        -:  538:       *  The newly-created string contains the exact contents of @a __str.
        -:  539:       *  @a __str is a valid, but unspecified string.
        -:  540:       **/
        -:  541:      basic_string(basic_string&& __str) noexcept
        -:  542:      : _M_dataplus(_M_local_data(), std::move(__str._M_get_allocator()))
        -:  543:      {
        -:  544:	if (__str._M_is_local())
        -:  545:	  {
        -:  546:	    traits_type::copy(_M_local_buf, __str._M_local_buf,
        -:  547:			      _S_local_capacity + 1);
        -:  548:	  }
        -:  549:	else
        -:  550:	  {
        -:  551:	    _M_data(__str._M_data());
        -:  552:	    _M_capacity(__str._M_allocated_capacity);
        -:  553:	  }
        -:  554:
        -:  555:	// Must use _M_length() here not _M_set_length() because
        -:  556:	// basic_stringbuf relies on writing into unallocated capacity so
        -:  557:	// we mess up the contents if we put a '\0' in the string.
        -:  558:	_M_length(__str.length());
        -:  559:	__str._M_data(__str._M_local_data());
        -:  560:	__str._M_set_length(0);
        -:  561:      }
        -:  562:
        -:  563:      /**
        -:  564:       *  @brief  Construct string from an initializer %list.
        -:  565:       *  @param  __l  std::initializer_list of characters.
        -:  566:       *  @param  __a  Allocator to use (default is default allocator).
        -:  567:       */
        -:  568:      basic_string(initializer_list<_CharT> __l, const _Alloc& __a = _Alloc())
        -:  569:      : _M_dataplus(_M_local_data(), __a)
        -:  570:      { _M_construct(__l.begin(), __l.end()); }
        -:  571:
        -:  572:      basic_string(const basic_string& __str, const _Alloc& __a)
        -:  573:      : _M_dataplus(_M_local_data(), __a)
        -:  574:      { _M_construct(__str.begin(), __str.end()); }
        -:  575:
        -:  576:      basic_string(basic_string&& __str, const _Alloc& __a)
        -:  577:      noexcept(_Alloc_traits::_S_always_equal())
        -:  578:      : _M_dataplus(_M_local_data(), __a)
        -:  579:      {
        -:  580:	if (__str._M_is_local())
        -:  581:	  {
        -:  582:	    traits_type::copy(_M_local_buf, __str._M_local_buf,
        -:  583:			      _S_local_capacity + 1);
        -:  584:	    _M_length(__str.length());
        -:  585:	    __str._M_set_length(0);
        -:  586:	  }
        -:  587:	else if (_Alloc_traits::_S_always_equal()
        -:  588:	    || __str.get_allocator() == __a)
        -:  589:	  {
        -:  590:	    _M_data(__str._M_data());
        -:  591:	    _M_length(__str.length());
        -:  592:	    _M_capacity(__str._M_allocated_capacity);
        -:  593:	    __str._M_data(__str._M_local_buf);
        -:  594:	    __str._M_set_length(0);
        -:  595:	  }
        -:  596:	else
        -:  597:	  _M_construct(__str.begin(), __str.end());
        -:  598:      }
        -:  599:
        -:  600:#endif // C++11
        -:  601:
        -:  602:      /**
        -:  603:       *  @brief  Construct string as copy of a range.
        -:  604:       *  @param  __beg  Start of range.
        -:  605:       *  @param  __end  End of range.
        -:  606:       *  @param  __a  Allocator to use (default is default allocator).
        -:  607:       */
        -:  608:#if __cplusplus >= 201103L
        -:  609:      template<typename _InputIterator,
        -:  610:	       typename = std::_RequireInputIter<_InputIterator>>
        -:  611:#else
        -:  612:      template<typename _InputIterator>
        -:  613:#endif
        -:  614:        basic_string(_InputIterator __beg, _InputIterator __end,
        -:  615:		     const _Alloc& __a = _Alloc())
        -:  616:	: _M_dataplus(_M_local_data(), __a)
        -:  617:	{ _M_construct(__beg, __end); }
        -:  618:
        -:  619:#if __cplusplus > 201402L
        -:  620:      /**
        -:  621:       *  @brief  Construct string from a substring of a string_view.
        -:  622:       *  @param  __t   Source object convertible to string view.
        -:  623:       *  @param  __pos The index of the first character to copy from __t.
        -:  624:       *  @param  __n   The number of characters to copy from __t.
        -:  625:       *  @param  __a   Allocator to use.
        -:  626:       */
        -:  627:      template<typename _Tp, typename = _If_sv<_Tp, void>>
        -:  628:	basic_string(const _Tp& __t, size_type __pos, size_type __n,
        -:  629:		     const _Alloc& __a = _Alloc())
        -:  630:	: basic_string(_S_to_string_view(__t).substr(__pos, __n), __a) { }
        -:  631:
        -:  632:      /**
        -:  633:       *  @brief  Construct string from a string_view.
        -:  634:       *  @param  __t  Source object convertible to string view.
        -:  635:       *  @param  __a  Allocator to use (default is default allocator).
        -:  636:       */
        -:  637:      template<typename _Tp, typename = _If_sv<_Tp, void>>
        -:  638:	explicit
        -:  639:	basic_string(const _Tp& __t, const _Alloc& __a = _Alloc())
        -:  640:	: basic_string(__sv_wrapper(_S_to_string_view(__t)), __a) { }
        -:  641:
        -:  642:      /**
        -:  643:       *  @brief  Only internally used: Construct string from a string view
        -:  644:       *          wrapper.
        -:  645:       *  @param  __svw  string view wrapper.
        -:  646:       *  @param  __a  Allocator to use.
        -:  647:       */
        -:  648:      explicit
        -:  649:      basic_string(__sv_wrapper __svw, const _Alloc& __a)
        -:  650:      : basic_string(__svw._M_sv.data(), __svw._M_sv.size(), __a) { }
        -:  651:#endif // C++17
        -:  652:
        -:  653:      /**
        -:  654:       *  @brief  Destroy the string instance.
        -:  655:       */
    #####:  656:      ~basic_string()
    #####:  657:      { _M_dispose(); }
        -:  658:
        -:  659:      /**
        -:  660:       *  @brief  Assign the value of @a str to this string.
        -:  661:       *  @param  __str  Source string.
        -:  662:       */
        -:  663:      basic_string&
        -:  664:      operator=(const basic_string& __str)
        -:  665:      {
        -:  666:#if __cplusplus >= 201103L
        -:  667:	if (_Alloc_traits::_S_propagate_on_copy_assign())
        -:  668:	  {
        -:  669:	    if (!_Alloc_traits::_S_always_equal() && !_M_is_local()
        -:  670:		&& _M_get_allocator() != __str._M_get_allocator())
        -:  671:	      {
        -:  672:		// Propagating allocator cannot free existing storage so must
        -:  673:		// deallocate it before replacing current allocator.
        -:  674:		if (__str.size() <= _S_local_capacity)
        -:  675:		  {
        -:  676:		    _M_destroy(_M_allocated_capacity);
        -:  677:		    _M_data(_M_local_data());
        -:  678:		    _M_set_length(0);
        -:  679:		  }
        -:  680:		else
        -:  681:		  {
        -:  682:		    const auto __len = __str.size();
        -:  683:		    auto __alloc = __str._M_get_allocator();
        -:  684:		    // If this allocation throws there are no effects:
        -:  685:		    auto __ptr = _Alloc_traits::allocate(__alloc, __len + 1);
        -:  686:		    _M_destroy(_M_allocated_capacity);
        -:  687:		    _M_data(__ptr);
        -:  688:		    _M_capacity(__len);
        -:  689:		    _M_set_length(__len);
        -:  690:		  }
        -:  691:	      }
        -:  692:	    std::__alloc_on_copy(_M_get_allocator(), __str._M_get_allocator());
        -:  693:	  }
        -:  694:#endif
        -:  695:	return this->assign(__str);
        -:  696:      }
        -:  697:
        -:  698:      /**
        -:  699:       *  @brief  Copy contents of @a s into this string.
        -:  700:       *  @param  __s  Source null-terminated string.
        -:  701:       */
        -:  702:      basic_string&
        -:  703:      operator=(const _CharT* __s)
        -:  704:      { return this->assign(__s); }
        -:  705:
        -:  706:      /**
        -:  707:       *  @brief  Set value to string of length 1.
        -:  708:       *  @param  __c  Source character.
        -:  709:       *
        -:  710:       *  Assigning to a character makes this string length 1 and
        -:  711:       *  (*this)[0] == @a c.
        -:  712:       */
        -:  713:      basic_string&
        -:  714:      operator=(_CharT __c)
        -:  715:      {
        -:  716:	this->assign(1, __c);
        -:  717:	return *this;
        -:  718:      }
        -:  719:
        -:  720:#if __cplusplus >= 201103L
        -:  721:      /**
        -:  722:       *  @brief  Move assign the value of @a str to this string.
        -:  723:       *  @param  __str  Source string.
        -:  724:       *
        -:  725:       *  The contents of @a str are moved into this string (without copying).
        -:  726:       *  @a str is a valid, but unspecified string.
        -:  727:       **/
        -:  728:      // PR 58265, this should be noexcept.
        -:  729:      // _GLIBCXX_RESOLVE_LIB_DEFECTS
        -:  730:      // 2063. Contradictory requirements for string move assignment
        -:  731:      basic_string&
        -:  732:      operator=(basic_string&& __str)
        -:  733:      noexcept(_Alloc_traits::_S_nothrow_move())
        -:  734:      {
        -:  735:	if (!_M_is_local() && _Alloc_traits::_S_propagate_on_move_assign()
        -:  736:	    && !_Alloc_traits::_S_always_equal()
        -:  737:	    && _M_get_allocator() != __str._M_get_allocator())
        -:  738:	  {
        -:  739:	    // Destroy existing storage before replacing allocator.
        -:  740:	    _M_destroy(_M_allocated_capacity);
        -:  741:	    _M_data(_M_local_data());
        -:  742:	    _M_set_length(0);
        -:  743:	  }
        -:  744:	// Replace allocator if POCMA is true.
        -:  745:	std::__alloc_on_move(_M_get_allocator(), __str._M_get_allocator());
        -:  746:
        -:  747:	if (__str._M_is_local())
        -:  748:	  {
        -:  749:	    // We've always got room for a short string, just copy it.
        -:  750:	    if (__str.size())
        -:  751:	      this->_S_copy(_M_data(), __str._M_data(), __str.size());
        -:  752:	    _M_set_length(__str.size());
        -:  753:	  }
        -:  754:	else if (_Alloc_traits::_S_propagate_on_move_assign()
        -:  755:	    || _Alloc_traits::_S_always_equal()
        -:  756:	    || _M_get_allocator() == __str._M_get_allocator())
        -:  757:	  {
        -:  758:	    // Just move the allocated pointer, our allocator can free it.
        -:  759:	    pointer __data = nullptr;
        -:  760:	    size_type __capacity;
        -:  761:	    if (!_M_is_local())
        -:  762:	      {
        -:  763:		if (_Alloc_traits::_S_always_equal())
        -:  764:		  {
        -:  765:		    // __str can reuse our existing storage.
        -:  766:		    __data = _M_data();
        -:  767:		    __capacity = _M_allocated_capacity;
        -:  768:		  }
        -:  769:		else // __str can't use it, so free it.
        -:  770:		  _M_destroy(_M_allocated_capacity);
        -:  771:	      }
        -:  772:
        -:  773:	    _M_data(__str._M_data());
        -:  774:	    _M_length(__str.length());
        -:  775:	    _M_capacity(__str._M_allocated_capacity);
        -:  776:	    if (__data)
        -:  777:	      {
        -:  778:		__str._M_data(__data);
        -:  779:		__str._M_capacity(__capacity);
        -:  780:	      }
        -:  781:	    else
        -:  782:	      __str._M_data(__str._M_local_buf);
        -:  783:	  }
        -:  784:	else // Need to do a deep copy
        -:  785:	  assign(__str);
        -:  786:	__str.clear();
        -:  787:	return *this;
        -:  788:      }
        -:  789:
        -:  790:      /**
        -:  791:       *  @brief  Set value to string constructed from initializer %list.
        -:  792:       *  @param  __l  std::initializer_list.
        -:  793:       */
        -:  794:      basic_string&
        -:  795:      operator=(initializer_list<_CharT> __l)
        -:  796:      {
        -:  797:	this->assign(__l.begin(), __l.size());
        -:  798:	return *this;
        -:  799:      }
        -:  800:#endif // C++11
        -:  801:
        -:  802:#if __cplusplus > 201402L
        -:  803:      /**
        -:  804:       *  @brief  Set value to string constructed from a string_view.
        -:  805:       *  @param  __svt  An object convertible to string_view.
        -:  806:       */
        -:  807:     template<typename _Tp>
        -:  808:       _If_sv<_Tp, basic_string&>
        -:  809:       operator=(const _Tp& __svt)
        -:  810:       { return this->assign(__svt); }
        -:  811:
        -:  812:      /**
        -:  813:       *  @brief  Convert to a string_view.
        -:  814:       *  @return A string_view.
        -:  815:       */
        -:  816:      operator __sv_type() const noexcept
        -:  817:      { return __sv_type(data(), size()); }
        -:  818:#endif // C++17
        -:  819:
        -:  820:      // Iterators:
        -:  821:      /**
        -:  822:       *  Returns a read/write iterator that points to the first character in
        -:  823:       *  the %string.
        -:  824:       */
        -:  825:      iterator
        -:  826:      begin() _GLIBCXX_NOEXCEPT
        -:  827:      { return iterator(_M_data()); }
        -:  828:
        -:  829:      /**
        -:  830:       *  Returns a read-only (constant) iterator that points to the first
        -:  831:       *  character in the %string.
        -:  832:       */
        -:  833:      const_iterator
        -:  834:      begin() const _GLIBCXX_NOEXCEPT
        -:  835:      { return const_iterator(_M_data()); }
        -:  836:
        -:  837:      /**
        -:  838:       *  Returns a read/write iterator that points one past the last
        -:  839:       *  character in the %string.
        -:  840:       */
        -:  841:      iterator
        -:  842:      end() _GLIBCXX_NOEXCEPT
        -:  843:      { return iterator(_M_data() + this->size()); }
        -:  844:
        -:  845:      /**
        -:  846:       *  Returns a read-only (constant) iterator that points one past the
        -:  847:       *  last character in the %string.
        -:  848:       */
        -:  849:      const_iterator
        -:  850:      end() const _GLIBCXX_NOEXCEPT
        -:  851:      { return const_iterator(_M_data() + this->size()); }
        -:  852:
        -:  853:      /**
        -:  854:       *  Returns a read/write reverse iterator that points to the last
        -:  855:       *  character in the %string.  Iteration is done in reverse element
        -:  856:       *  order.
        -:  857:       */
        -:  858:      reverse_iterator
        -:  859:      rbegin() _GLIBCXX_NOEXCEPT
        -:  860:      { return reverse_iterator(this->end()); }
        -:  861:
        -:  862:      /**
        -:  863:       *  Returns a read-only (constant) reverse iterator that points
        -:  864:       *  to the last character in the %string.  Iteration is done in
        -:  865:       *  reverse element order.
        -:  866:       */
        -:  867:      const_reverse_iterator
        -:  868:      rbegin() const _GLIBCXX_NOEXCEPT
        -:  869:      { return const_reverse_iterator(this->end()); }
        -:  870:
        -:  871:      /**
        -:  872:       *  Returns a read/write reverse iterator that points to one before the
        -:  873:       *  first character in the %string.  Iteration is done in reverse
        -:  874:       *  element order.
        -:  875:       */
        -:  876:      reverse_iterator
        -:  877:      rend() _GLIBCXX_NOEXCEPT
        -:  878:      { return reverse_iterator(this->begin()); }
        -:  879:
        -:  880:      /**
        -:  881:       *  Returns a read-only (constant) reverse iterator that points
        -:  882:       *  to one before the first character in the %string.  Iteration
        -:  883:       *  is done in reverse element order.
        -:  884:       */
        -:  885:      const_reverse_iterator
        -:  886:      rend() const _GLIBCXX_NOEXCEPT
        -:  887:      { return const_reverse_iterator(this->begin()); }
        -:  888:
        -:  889:#if __cplusplus >= 201103L
        -:  890:      /**
        -:  891:       *  Returns a read-only (constant) iterator that points to the first
        -:  892:       *  character in the %string.
        -:  893:       */
        -:  894:      const_iterator
        -:  895:      cbegin() const noexcept
        -:  896:      { return const_iterator(this->_M_data()); }
        -:  897:
        -:  898:      /**
        -:  899:       *  Returns a read-only (constant) iterator that points one past the
        -:  900:       *  last character in the %string.
        -:  901:       */
        -:  902:      const_iterator
        -:  903:      cend() const noexcept
        -:  904:      { return const_iterator(this->_M_data() + this->size()); }
        -:  905:
        -:  906:      /**
        -:  907:       *  Returns a read-only (constant) reverse iterator that points
        -:  908:       *  to the last character in the %string.  Iteration is done in
        -:  909:       *  reverse element order.
        -:  910:       */
        -:  911:      const_reverse_iterator
        -:  912:      crbegin() const noexcept
        -:  913:      { return const_reverse_iterator(this->end()); }
        -:  914:
        -:  915:      /**
        -:  916:       *  Returns a read-only (constant) reverse iterator that points
        -:  917:       *  to one before the first character in the %string.  Iteration
        -:  918:       *  is done in reverse element order.
        -:  919:       */
        -:  920:      const_reverse_iterator
        -:  921:      crend() const noexcept
        -:  922:      { return const_reverse_iterator(this->begin()); }
        -:  923:#endif
        -:  924:
        -:  925:    public:
        -:  926:      // Capacity:
        -:  927:      ///  Returns the number of characters in the string, not including any
        -:  928:      ///  null-termination.
        -:  929:      size_type
    #####:  930:      size() const _GLIBCXX_NOEXCEPT
    #####:  931:      { return _M_string_length; }
        -:  932:
        -:  933:      ///  Returns the number of characters in the string, not including any
        -:  934:      ///  null-termination.
        -:  935:      size_type
    #####:  936:      length() const _GLIBCXX_NOEXCEPT
    #####:  937:      { return _M_string_length; }
        -:  938:
        -:  939:      ///  Returns the size() of the largest possible %string.
        -:  940:      size_type
    #####:  941:      max_size() const _GLIBCXX_NOEXCEPT
    #####:  942:      { return (_Alloc_traits::max_size(_M_get_allocator()) - 1) / 2; }
        -:  943:
        -:  944:      /**
        -:  945:       *  @brief  Resizes the %string to the specified number of characters.
        -:  946:       *  @param  __n  Number of characters the %string should contain.
        -:  947:       *  @param  __c  Character to fill any new elements.
        -:  948:       *
        -:  949:       *  This function will %resize the %string to the specified
        -:  950:       *  number of characters.  If the number is smaller than the
        -:  951:       *  %string's current size the %string is truncated, otherwise
        -:  952:       *  the %string is extended and new elements are %set to @a __c.
        -:  953:       */
        -:  954:      void
        -:  955:      resize(size_type __n, _CharT __c);
        -:  956:
        -:  957:      /**
        -:  958:       *  @brief  Resizes the %string to the specified number of characters.
        -:  959:       *  @param  __n  Number of characters the %string should contain.
        -:  960:       *
        -:  961:       *  This function will resize the %string to the specified length.  If
        -:  962:       *  the new size is smaller than the %string's current size the %string
        -:  963:       *  is truncated, otherwise the %string is extended and new characters
        -:  964:       *  are default-constructed.  For basic types such as char, this means
        -:  965:       *  setting them to 0.
        -:  966:       */
        -:  967:      void
        -:  968:      resize(size_type __n)
        -:  969:      { this->resize(__n, _CharT()); }
        -:  970:
        -:  971:#if __cplusplus >= 201103L
        -:  972:      ///  A non-binding request to reduce capacity() to size().
        -:  973:      void
        -:  974:      shrink_to_fit() noexcept
        -:  975:      {
        -:  976:#if __cpp_exceptions
        -:  977:	if (capacity() > size())
        -:  978:	  {
        -:  979:	    try
        -:  980:	      { reserve(0); }
        -:  981:	    catch(...)
        -:  982:	      { }
        -:  983:	  }
        -:  984:#endif
        -:  985:      }
        -:  986:#endif
        -:  987:
        -:  988:      /**
        -:  989:       *  Returns the total number of characters that the %string can hold
        -:  990:       *  before needing to allocate more memory.
        -:  991:       */
        -:  992:      size_type
    #####:  993:      capacity() const _GLIBCXX_NOEXCEPT
        -:  994:      {
    #####:  995:	return _M_is_local() ? size_type(_S_local_capacity)
    #####:  996:	                     : _M_allocated_capacity;
        -:  997:      }
        -:  998:
        -:  999:      /**
        -: 1000:       *  @brief  Attempt to preallocate enough memory for specified number of
        -: 1001:       *          characters.
        -: 1002:       *  @param  __res_arg  Number of characters required.
        -: 1003:       *  @throw  std::length_error  If @a __res_arg exceeds @c max_size().
        -: 1004:       *
        -: 1005:       *  This function attempts to reserve enough memory for the
        -: 1006:       *  %string to hold the specified number of characters.  If the
        -: 1007:       *  number requested is more than max_size(), length_error is
        -: 1008:       *  thrown.
        -: 1009:       *
        -: 1010:       *  The advantage of this function is that if optimal code is a
        -: 1011:       *  necessity and the user can determine the string length that will be
        -: 1012:       *  required, the user can reserve the memory in %advance, and thus
        -: 1013:       *  prevent a possible reallocation of memory and copying of %string
        -: 1014:       *  data.
        -: 1015:       */
        -: 1016:      void
        -: 1017:      reserve(size_type __res_arg = 0);
        -: 1018:
        -: 1019:      /**
        -: 1020:       *  Erases the string, making it empty.
        -: 1021:       */
        -: 1022:      void
        -: 1023:      clear() _GLIBCXX_NOEXCEPT
        -: 1024:      { _M_set_length(0); }
        -: 1025:
        -: 1026:      /**
        -: 1027:       *  Returns true if the %string is empty.  Equivalent to 
        -: 1028:       *  <code>*this == ""</code>.
        -: 1029:       */
        -: 1030:      bool
        -: 1031:      empty() const _GLIBCXX_NOEXCEPT
        -: 1032:      { return this->size() == 0; }
        -: 1033:
        -: 1034:      // Element access:
        -: 1035:      /**
        -: 1036:       *  @brief  Subscript access to the data contained in the %string.
        -: 1037:       *  @param  __pos  The index of the character to access.
        -: 1038:       *  @return  Read-only (constant) reference to the character.
        -: 1039:       *
        -: 1040:       *  This operator allows for easy, array-style, data access.
        -: 1041:       *  Note that data access with this operator is unchecked and
        -: 1042:       *  out_of_range lookups are not defined. (For checked lookups
        -: 1043:       *  see at().)
        -: 1044:       */
        -: 1045:      const_reference
        -: 1046:      operator[] (size_type __pos) const _GLIBCXX_NOEXCEPT
        -: 1047:      {
        -: 1048:	__glibcxx_assert(__pos <= size());
        -: 1049:	return _M_data()[__pos];
        -: 1050:      }
        -: 1051:
        -: 1052:      /**
        -: 1053:       *  @brief  Subscript access to the data contained in the %string.
        -: 1054:       *  @param  __pos  The index of the character to access.
        -: 1055:       *  @return  Read/write reference to the character.
        -: 1056:       *
        -: 1057:       *  This operator allows for easy, array-style, data access.
        -: 1058:       *  Note that data access with this operator is unchecked and
        -: 1059:       *  out_of_range lookups are not defined. (For checked lookups
        -: 1060:       *  see at().)
        -: 1061:       */
        -: 1062:      reference
        -: 1063:      operator[](size_type __pos)
        -: 1064:      {
        -: 1065:        // Allow pos == size() both in C++98 mode, as v3 extension,
        -: 1066:	// and in C++11 mode.
        -: 1067:	__glibcxx_assert(__pos <= size());
        -: 1068:        // In pedantic mode be strict in C++98 mode.
        -: 1069:	_GLIBCXX_DEBUG_PEDASSERT(__cplusplus >= 201103L || __pos < size());
        -: 1070:	return _M_data()[__pos];
        -: 1071:      }
        -: 1072:
        -: 1073:      /**
        -: 1074:       *  @brief  Provides access to the data contained in the %string.
        -: 1075:       *  @param __n The index of the character to access.
        -: 1076:       *  @return  Read-only (const) reference to the character.
        -: 1077:       *  @throw  std::out_of_range  If @a n is an invalid index.
        -: 1078:       *
        -: 1079:       *  This function provides for safer data access.  The parameter is
        -: 1080:       *  first checked that it is in the range of the string.  The function
        -: 1081:       *  throws out_of_range if the check fails.
        -: 1082:       */
        -: 1083:      const_reference
        -: 1084:      at(size_type __n) const
        -: 1085:      {
        -: 1086:	if (__n >= this->size())
        -: 1087:	  __throw_out_of_range_fmt(__N("basic_string::at: __n "
        -: 1088:				       "(which is %zu) >= this->size() "
        -: 1089:				       "(which is %zu)"),
        -: 1090:				   __n, this->size());
        -: 1091:	return _M_data()[__n];
        -: 1092:      }
        -: 1093:
        -: 1094:      /**
        -: 1095:       *  @brief  Provides access to the data contained in the %string.
        -: 1096:       *  @param __n The index of the character to access.
        -: 1097:       *  @return  Read/write reference to the character.
        -: 1098:       *  @throw  std::out_of_range  If @a n is an invalid index.
        -: 1099:       *
        -: 1100:       *  This function provides for safer data access.  The parameter is
        -: 1101:       *  first checked that it is in the range of the string.  The function
        -: 1102:       *  throws out_of_range if the check fails.
        -: 1103:       */
        -: 1104:      reference
        -: 1105:      at(size_type __n)
        -: 1106:      {
        -: 1107:	if (__n >= size())
        -: 1108:	  __throw_out_of_range_fmt(__N("basic_string::at: __n "
        -: 1109:				       "(which is %zu) >= this->size() "
        -: 1110:				       "(which is %zu)"),
        -: 1111:				   __n, this->size());
        -: 1112:	return _M_data()[__n];
        -: 1113:      }
        -: 1114:
        -: 1115:#if __cplusplus >= 201103L
        -: 1116:      /**
        -: 1117:       *  Returns a read/write reference to the data at the first
        -: 1118:       *  element of the %string.
        -: 1119:       */
        -: 1120:      reference
        -: 1121:      front() noexcept
        -: 1122:      {
        -: 1123:	__glibcxx_assert(!empty());
        -: 1124:	return operator[](0);
        -: 1125:      }
        -: 1126:
        -: 1127:      /**
        -: 1128:       *  Returns a read-only (constant) reference to the data at the first
        -: 1129:       *  element of the %string.
        -: 1130:       */
        -: 1131:      const_reference
        -: 1132:      front() const noexcept
        -: 1133:      {
        -: 1134:	__glibcxx_assert(!empty());
        -: 1135:	return operator[](0);
        -: 1136:      }
        -: 1137:
        -: 1138:      /**
        -: 1139:       *  Returns a read/write reference to the data at the last
        -: 1140:       *  element of the %string.
        -: 1141:       */
        -: 1142:      reference
        -: 1143:      back() noexcept
        -: 1144:      {
        -: 1145:	__glibcxx_assert(!empty());
        -: 1146:	return operator[](this->size() - 1);
        -: 1147:      }
        -: 1148:
        -: 1149:      /**
        -: 1150:       *  Returns a read-only (constant) reference to the data at the
        -: 1151:       *  last element of the %string.
        -: 1152:       */
        -: 1153:      const_reference
        -: 1154:      back() const noexcept
        -: 1155:      {
        -: 1156:	__glibcxx_assert(!empty());
        -: 1157:	return operator[](this->size() - 1);
        -: 1158:      }
        -: 1159:#endif
        -: 1160:
        -: 1161:      // Modifiers:
        -: 1162:      /**
        -: 1163:       *  @brief  Append a string to this string.
        -: 1164:       *  @param __str  The string to append.
        -: 1165:       *  @return  Reference to this string.
        -: 1166:       */
        -: 1167:      basic_string&
        -: 1168:      operator+=(const basic_string& __str)
        -: 1169:      { return this->append(__str); }
        -: 1170:
        -: 1171:      /**
        -: 1172:       *  @brief  Append a C string.
        -: 1173:       *  @param __s  The C string to append.
        -: 1174:       *  @return  Reference to this string.
        -: 1175:       */
        -: 1176:      basic_string&
    #####: 1177:      operator+=(const _CharT* __s)
    #####: 1178:      { return this->append(__s); }
        -: 1179:
        -: 1180:      /**
        -: 1181:       *  @brief  Append a character.
        -: 1182:       *  @param __c  The character to append.
        -: 1183:       *  @return  Reference to this string.
        -: 1184:       */
        -: 1185:      basic_string&
        -: 1186:      operator+=(_CharT __c)
        -: 1187:      {
        -: 1188:	this->push_back(__c);
        -: 1189:	return *this;
        -: 1190:      }
        -: 1191:
        -: 1192:#if __cplusplus >= 201103L
        -: 1193:      /**
        -: 1194:       *  @brief  Append an initializer_list of characters.
        -: 1195:       *  @param __l  The initializer_list of characters to be appended.
        -: 1196:       *  @return  Reference to this string.
        -: 1197:       */
        -: 1198:      basic_string&
        -: 1199:      operator+=(initializer_list<_CharT> __l)
        -: 1200:      { return this->append(__l.begin(), __l.size()); }
        -: 1201:#endif // C++11
        -: 1202:
        -: 1203:#if __cplusplus > 201402L
        -: 1204:      /**
        -: 1205:       *  @brief  Append a string_view.
        -: 1206:       *  @param __svt  An object convertible to string_view to be appended.
        -: 1207:       *  @return  Reference to this string.
        -: 1208:       */
        -: 1209:      template<typename _Tp>
        -: 1210:	_If_sv<_Tp, basic_string&>
        -: 1211:	operator+=(const _Tp& __svt)
        -: 1212:	{ return this->append(__svt); }
        -: 1213:#endif // C++17
        -: 1214:
        -: 1215:      /**
        -: 1216:       *  @brief  Append a string to this string.
        -: 1217:       *  @param __str  The string to append.
        -: 1218:       *  @return  Reference to this string.
        -: 1219:       */
        -: 1220:      basic_string&
    #####: 1221:      append(const basic_string& __str)
    #####: 1222:      { return _M_append(__str._M_data(), __str.size()); }
        -: 1223:
        -: 1224:      /**
        -: 1225:       *  @brief  Append a substring.
        -: 1226:       *  @param __str  The string to append.
        -: 1227:       *  @param __pos  Index of the first character of str to append.
        -: 1228:       *  @param __n  The number of characters to append.
        -: 1229:       *  @return  Reference to this string.
        -: 1230:       *  @throw  std::out_of_range if @a __pos is not a valid index.
        -: 1231:       *
        -: 1232:       *  This function appends @a __n characters from @a __str
        -: 1233:       *  starting at @a __pos to this string.  If @a __n is is larger
        -: 1234:       *  than the number of available characters in @a __str, the
        -: 1235:       *  remainder of @a __str is appended.
        -: 1236:       */
        -: 1237:      basic_string&
        -: 1238:      append(const basic_string& __str, size_type __pos, size_type __n = npos)
        -: 1239:      { return _M_append(__str._M_data()
        -: 1240:			 + __str._M_check(__pos, "basic_string::append"),
        -: 1241:			 __str._M_limit(__pos, __n)); }
        -: 1242:
        -: 1243:      /**
        -: 1244:       *  @brief  Append a C substring.
        -: 1245:       *  @param __s  The C string to append.
        -: 1246:       *  @param __n  The number of characters to append.
        -: 1247:       *  @return  Reference to this string.
        -: 1248:       */
        -: 1249:      basic_string&
        -: 1250:      append(const _CharT* __s, size_type __n)
        -: 1251:      {
        -: 1252:	__glibcxx_requires_string_len(__s, __n);
        -: 1253:	_M_check_length(size_type(0), __n, "basic_string::append");
        -: 1254:	return _M_append(__s, __n);
        -: 1255:      }
        -: 1256:
        -: 1257:      /**
        -: 1258:       *  @brief  Append a C string.
        -: 1259:       *  @param __s  The C string to append.
        -: 1260:       *  @return  Reference to this string.
        -: 1261:       */
        -: 1262:      basic_string&
    #####: 1263:      append(const _CharT* __s)
        -: 1264:      {
        -: 1265:	__glibcxx_requires_string(__s);
    #####: 1266:	const size_type __n = traits_type::length(__s);
    #####: 1267:	_M_check_length(size_type(0), __n, "basic_string::append");
    #####: 1268:	return _M_append(__s, __n);
        -: 1269:      }
        -: 1270:
        -: 1271:      /**
        -: 1272:       *  @brief  Append multiple characters.
        -: 1273:       *  @param __n  The number of characters to append.
        -: 1274:       *  @param __c  The character to use.
        -: 1275:       *  @return  Reference to this string.
        -: 1276:       *
        -: 1277:       *  Appends __n copies of __c to this string.
        -: 1278:       */
        -: 1279:      basic_string&
        -: 1280:      append(size_type __n, _CharT __c)
        -: 1281:      { return _M_replace_aux(this->size(), size_type(0), __n, __c); }
        -: 1282:
        -: 1283:#if __cplusplus >= 201103L
        -: 1284:      /**
        -: 1285:       *  @brief  Append an initializer_list of characters.
        -: 1286:       *  @param __l  The initializer_list of characters to append.
        -: 1287:       *  @return  Reference to this string.
        -: 1288:       */
        -: 1289:      basic_string&
        -: 1290:      append(initializer_list<_CharT> __l)
        -: 1291:      { return this->append(__l.begin(), __l.size()); }
        -: 1292:#endif // C++11
        -: 1293:
        -: 1294:      /**
        -: 1295:       *  @brief  Append a range of characters.
        -: 1296:       *  @param __first  Iterator referencing the first character to append.
        -: 1297:       *  @param __last  Iterator marking the end of the range.
        -: 1298:       *  @return  Reference to this string.
        -: 1299:       *
        -: 1300:       *  Appends characters in the range [__first,__last) to this string.
        -: 1301:       */
        -: 1302:#if __cplusplus >= 201103L
        -: 1303:      template<class _InputIterator,
        -: 1304:	       typename = std::_RequireInputIter<_InputIterator>>
        -: 1305:#else
        -: 1306:      template<class _InputIterator>
        -: 1307:#endif
        -: 1308:        basic_string&
        -: 1309:        append(_InputIterator __first, _InputIterator __last)
        -: 1310:        { return this->replace(end(), end(), __first, __last); }
        -: 1311:
        -: 1312:#if __cplusplus > 201402L
        -: 1313:      /**
        -: 1314:       *  @brief  Append a string_view.
        -: 1315:       *  @param __svt  An object convertible to string_view to be appended.
        -: 1316:       *  @return  Reference to this string.
        -: 1317:       */
        -: 1318:      template<typename _Tp>
        -: 1319:        _If_sv<_Tp, basic_string&>
        -: 1320:        append(const _Tp& __svt)
        -: 1321:        {
        -: 1322:          __sv_type __sv = __svt;
        -: 1323:          return this->append(__sv.data(), __sv.size());
        -: 1324:        }
        -: 1325:
        -: 1326:      /**
        -: 1327:       *  @brief  Append a range of characters from a string_view.
        -: 1328:       *  @param __svt  An object convertible to string_view to be appended from.
        -: 1329:       *  @param __pos The position in the string_view to append from.
        -: 1330:       *  @param __n   The number of characters to append from the string_view.
        -: 1331:       *  @return  Reference to this string.
        -: 1332:       */
        -: 1333:      template<typename _Tp>
        -: 1334:        _If_sv<_Tp, basic_string&>
        -: 1335:	append(const _Tp& __svt, size_type __pos, size_type __n = npos)
        -: 1336:	{
        -: 1337:	  __sv_type __sv = __svt;
        -: 1338:	  return _M_append(__sv.data()
        -: 1339:			   + __sv._M_check(__pos, "basic_string::append"),
        -: 1340:			   __sv._M_limit(__pos, __n));
        -: 1341:	}
        -: 1342:#endif // C++17
        -: 1343:
        -: 1344:      /**
        -: 1345:       *  @brief  Append a single character.
        -: 1346:       *  @param __c  Character to append.
        -: 1347:       */
        -: 1348:      void
        -: 1349:      push_back(_CharT __c)
        -: 1350:      {
        -: 1351:	const size_type __size = this->size();
        -: 1352:	if (__size + 1 > this->capacity())
        -: 1353:	  this->_M_mutate(__size, size_type(0), 0, size_type(1));
        -: 1354:	traits_type::assign(this->_M_data()[__size], __c);
        -: 1355:	this->_M_set_length(__size + 1);
        -: 1356:      }
        -: 1357:
        -: 1358:      /**
        -: 1359:       *  @brief  Set value to contents of another string.
        -: 1360:       *  @param  __str  Source string to use.
        -: 1361:       *  @return  Reference to this string.
        -: 1362:       */
        -: 1363:      basic_string&
        -: 1364:      assign(const basic_string& __str)
        -: 1365:      {
        -: 1366:	this->_M_assign(__str);
        -: 1367:	return *this;
        -: 1368:      }
        -: 1369:
        -: 1370:#if __cplusplus >= 201103L
        -: 1371:      /**
        -: 1372:       *  @brief  Set value to contents of another string.
        -: 1373:       *  @param  __str  Source string to use.
        -: 1374:       *  @return  Reference to this string.
        -: 1375:       *
        -: 1376:       *  This function sets this string to the exact contents of @a __str.
        -: 1377:       *  @a __str is a valid, but unspecified string.
        -: 1378:       */
        -: 1379:      basic_string&
        -: 1380:      assign(basic_string&& __str)
        -: 1381:      noexcept(_Alloc_traits::_S_nothrow_move())
        -: 1382:      {
        -: 1383:	// _GLIBCXX_RESOLVE_LIB_DEFECTS
        -: 1384:	// 2063. Contradictory requirements for string move assignment
        -: 1385:	return *this = std::move(__str);
        -: 1386:      }
        -: 1387:#endif // C++11
        -: 1388:
        -: 1389:      /**
        -: 1390:       *  @brief  Set value to a substring of a string.
        -: 1391:       *  @param __str  The string to use.
        -: 1392:       *  @param __pos  Index of the first character of str.
        -: 1393:       *  @param __n  Number of characters to use.
        -: 1394:       *  @return  Reference to this string.
        -: 1395:       *  @throw  std::out_of_range if @a pos is not a valid index.
        -: 1396:       *
        -: 1397:       *  This function sets this string to the substring of @a __str
        -: 1398:       *  consisting of @a __n characters at @a __pos.  If @a __n is
        -: 1399:       *  is larger than the number of available characters in @a
        -: 1400:       *  __str, the remainder of @a __str is used.
        -: 1401:       */
        -: 1402:      basic_string&
        -: 1403:      assign(const basic_string& __str, size_type __pos, size_type __n = npos)
        -: 1404:      { return _M_replace(size_type(0), this->size(), __str._M_data()
        -: 1405:			  + __str._M_check(__pos, "basic_string::assign"),
        -: 1406:			  __str._M_limit(__pos, __n)); }
        -: 1407:
        -: 1408:      /**
        -: 1409:       *  @brief  Set value to a C substring.
        -: 1410:       *  @param __s  The C string to use.
        -: 1411:       *  @param __n  Number of characters to use.
        -: 1412:       *  @return  Reference to this string.
        -: 1413:       *
        -: 1414:       *  This function sets the value of this string to the first @a __n
        -: 1415:       *  characters of @a __s.  If @a __n is is larger than the number of
        -: 1416:       *  available characters in @a __s, the remainder of @a __s is used.
        -: 1417:       */
        -: 1418:      basic_string&
        -: 1419:      assign(const _CharT* __s, size_type __n)
        -: 1420:      {
        -: 1421:	__glibcxx_requires_string_len(__s, __n);
        -: 1422:	return _M_replace(size_type(0), this->size(), __s, __n);
        -: 1423:      }
        -: 1424:
        -: 1425:      /**
        -: 1426:       *  @brief  Set value to contents of a C string.
        -: 1427:       *  @param __s  The C string to use.
        -: 1428:       *  @return  Reference to this string.
        -: 1429:       *
        -: 1430:       *  This function sets the value of this string to the value of @a __s.
        -: 1431:       *  The data is copied, so there is no dependence on @a __s once the
        -: 1432:       *  function returns.
        -: 1433:       */
        -: 1434:      basic_string&
        -: 1435:      assign(const _CharT* __s)
        -: 1436:      {
        -: 1437:	__glibcxx_requires_string(__s);
        -: 1438:	return _M_replace(size_type(0), this->size(), __s,
        -: 1439:			  traits_type::length(__s));
        -: 1440:      }
        -: 1441:
        -: 1442:      /**
        -: 1443:       *  @brief  Set value to multiple characters.
        -: 1444:       *  @param __n  Length of the resulting string.
        -: 1445:       *  @param __c  The character to use.
        -: 1446:       *  @return  Reference to this string.
        -: 1447:       *
        -: 1448:       *  This function sets the value of this string to @a __n copies of
        -: 1449:       *  character @a __c.
        -: 1450:       */
        -: 1451:      basic_string&
        -: 1452:      assign(size_type __n, _CharT __c)
        -: 1453:      { return _M_replace_aux(size_type(0), this->size(), __n, __c); }
        -: 1454:
        -: 1455:      /**
        -: 1456:       *  @brief  Set value to a range of characters.
        -: 1457:       *  @param __first  Iterator referencing the first character to append.
        -: 1458:       *  @param __last  Iterator marking the end of the range.
        -: 1459:       *  @return  Reference to this string.
        -: 1460:       *
        -: 1461:       *  Sets value of string to characters in the range [__first,__last).
        -: 1462:      */
        -: 1463:#if __cplusplus >= 201103L
        -: 1464:      template<class _InputIterator,
        -: 1465:	       typename = std::_RequireInputIter<_InputIterator>>
        -: 1466:#else
        -: 1467:      template<class _InputIterator>
        -: 1468:#endif
        -: 1469:        basic_string&
        -: 1470:        assign(_InputIterator __first, _InputIterator __last)
        -: 1471:        { return this->replace(begin(), end(), __first, __last); }
        -: 1472:
        -: 1473:#if __cplusplus >= 201103L
        -: 1474:      /**
        -: 1475:       *  @brief  Set value to an initializer_list of characters.
        -: 1476:       *  @param __l  The initializer_list of characters to assign.
        -: 1477:       *  @return  Reference to this string.
        -: 1478:       */
        -: 1479:      basic_string&
        -: 1480:      assign(initializer_list<_CharT> __l)
        -: 1481:      { return this->assign(__l.begin(), __l.size()); }
        -: 1482:#endif // C++11
        -: 1483:
        -: 1484:#if __cplusplus > 201402L
        -: 1485:      /**
        -: 1486:       *  @brief  Set value from a string_view.
        -: 1487:       *  @param __svt  The source object convertible to string_view.
        -: 1488:       *  @return  Reference to this string.
        -: 1489:       */
        -: 1490:      template<typename _Tp>
        -: 1491:	_If_sv<_Tp, basic_string&>
        -: 1492:	assign(const _Tp& __svt)
        -: 1493:	{
        -: 1494:	  __sv_type __sv = __svt;
        -: 1495:	  return this->assign(__sv.data(), __sv.size());
        -: 1496:	}
        -: 1497:
        -: 1498:      /**
        -: 1499:       *  @brief  Set value from a range of characters in a string_view.
        -: 1500:       *  @param __svt  The source object convertible to string_view.
        -: 1501:       *  @param __pos  The position in the string_view to assign from.
        -: 1502:       *  @param __n  The number of characters to assign.
        -: 1503:       *  @return  Reference to this string.
        -: 1504:       */
        -: 1505:      template<typename _Tp>
        -: 1506:	_If_sv<_Tp, basic_string&>
        -: 1507:	assign(const _Tp& __svt, size_type __pos, size_type __n = npos)
        -: 1508:	{
        -: 1509:	  __sv_type __sv = __svt;
        -: 1510:	  return _M_replace(size_type(0), this->size(), __sv.data()
        -: 1511:			    + __sv._M_check(__pos, "basic_string::assign"),
        -: 1512:			    __sv._M_limit(__pos, __n));
        -: 1513:	}
        -: 1514:#endif // C++17
        -: 1515:
        -: 1516:#if __cplusplus >= 201103L
        -: 1517:      /**
        -: 1518:       *  @brief  Insert multiple characters.
        -: 1519:       *  @param __p  Const_iterator referencing location in string to
        -: 1520:       *              insert at.
        -: 1521:       *  @param __n  Number of characters to insert
        -: 1522:       *  @param __c  The character to insert.
        -: 1523:       *  @return  Iterator referencing the first inserted char.
        -: 1524:       *  @throw  std::length_error  If new length exceeds @c max_size().
        -: 1525:       *
        -: 1526:       *  Inserts @a __n copies of character @a __c starting at the
        -: 1527:       *  position referenced by iterator @a __p.  If adding
        -: 1528:       *  characters causes the length to exceed max_size(),
        -: 1529:       *  length_error is thrown.  The value of the string doesn't
        -: 1530:       *  change if an error is thrown.
        -: 1531:      */
        -: 1532:      iterator
        -: 1533:      insert(const_iterator __p, size_type __n, _CharT __c)
        -: 1534:      {
        -: 1535:	_GLIBCXX_DEBUG_PEDASSERT(__p >= begin() && __p <= end());
        -: 1536:	const size_type __pos = __p - begin();
        -: 1537:	this->replace(__p, __p, __n, __c);
        -: 1538:	return iterator(this->_M_data() + __pos);
        -: 1539:      }
        -: 1540:#else
        -: 1541:      /**
        -: 1542:       *  @brief  Insert multiple characters.
        -: 1543:       *  @param __p  Iterator referencing location in string to insert at.
        -: 1544:       *  @param __n  Number of characters to insert
        -: 1545:       *  @param __c  The character to insert.
        -: 1546:       *  @throw  std::length_error  If new length exceeds @c max_size().
        -: 1547:       *
        -: 1548:       *  Inserts @a __n copies of character @a __c starting at the
        -: 1549:       *  position referenced by iterator @a __p.  If adding
        -: 1550:       *  characters causes the length to exceed max_size(),
        -: 1551:       *  length_error is thrown.  The value of the string doesn't
        -: 1552:       *  change if an error is thrown.
        -: 1553:      */
        -: 1554:      void
        -: 1555:      insert(iterator __p, size_type __n, _CharT __c)
        -: 1556:      {	this->replace(__p, __p, __n, __c);  }
        -: 1557:#endif
        -: 1558:
        -: 1559:#if __cplusplus >= 201103L
        -: 1560:      /**
        -: 1561:       *  @brief  Insert a range of characters.
        -: 1562:       *  @param __p  Const_iterator referencing location in string to
        -: 1563:       *              insert at.
        -: 1564:       *  @param __beg  Start of range.
        -: 1565:       *  @param __end  End of range.
        -: 1566:       *  @return  Iterator referencing the first inserted char.
        -: 1567:       *  @throw  std::length_error  If new length exceeds @c max_size().
        -: 1568:       *
        -: 1569:       *  Inserts characters in range [beg,end).  If adding characters
        -: 1570:       *  causes the length to exceed max_size(), length_error is
        -: 1571:       *  thrown.  The value of the string doesn't change if an error
        -: 1572:       *  is thrown.
        -: 1573:      */
        -: 1574:      template<class _InputIterator,
        -: 1575:	       typename = std::_RequireInputIter<_InputIterator>>
        -: 1576:	iterator
        -: 1577:        insert(const_iterator __p, _InputIterator __beg, _InputIterator __end)
        -: 1578:        {
        -: 1579:	  _GLIBCXX_DEBUG_PEDASSERT(__p >= begin() && __p <= end());
        -: 1580:	  const size_type __pos = __p - begin();
        -: 1581:	  this->replace(__p, __p, __beg, __end);
        -: 1582:	  return iterator(this->_M_data() + __pos);
        -: 1583:	}
        -: 1584:#else
        -: 1585:      /**
        -: 1586:       *  @brief  Insert a range of characters.
        -: 1587:       *  @param __p  Iterator referencing location in string to insert at.
        -: 1588:       *  @param __beg  Start of range.
        -: 1589:       *  @param __end  End of range.
        -: 1590:       *  @throw  std::length_error  If new length exceeds @c max_size().
        -: 1591:       *
        -: 1592:       *  Inserts characters in range [__beg,__end).  If adding
        -: 1593:       *  characters causes the length to exceed max_size(),
        -: 1594:       *  length_error is thrown.  The value of the string doesn't
        -: 1595:       *  change if an error is thrown.
        -: 1596:      */
        -: 1597:      template<class _InputIterator>
        -: 1598:        void
        -: 1599:        insert(iterator __p, _InputIterator __beg, _InputIterator __end)
        -: 1600:        { this->replace(__p, __p, __beg, __end); }
        -: 1601:#endif
        -: 1602:
        -: 1603:#if __cplusplus >= 201103L
        -: 1604:      /**
        -: 1605:       *  @brief  Insert an initializer_list of characters.
        -: 1606:       *  @param __p  Iterator referencing location in string to insert at.
        -: 1607:       *  @param __l  The initializer_list of characters to insert.
        -: 1608:       *  @throw  std::length_error  If new length exceeds @c max_size().
        -: 1609:       */
        -: 1610:      void
        -: 1611:      insert(iterator __p, initializer_list<_CharT> __l)
        -: 1612:      {
        -: 1613:	_GLIBCXX_DEBUG_PEDASSERT(__p >= begin() && __p <= end());
        -: 1614:	this->insert(__p - begin(), __l.begin(), __l.size());
        -: 1615:      }
        -: 1616:#endif // C++11
        -: 1617:
        -: 1618:      /**
        -: 1619:       *  @brief  Insert value of a string.
        -: 1620:       *  @param __pos1  Iterator referencing location in string to insert at.
        -: 1621:       *  @param __str  The string to insert.
        -: 1622:       *  @return  Reference to this string.
        -: 1623:       *  @throw  std::length_error  If new length exceeds @c max_size().
        -: 1624:       *
        -: 1625:       *  Inserts value of @a __str starting at @a __pos1.  If adding
        -: 1626:       *  characters causes the length to exceed max_size(),
        -: 1627:       *  length_error is thrown.  The value of the string doesn't
        -: 1628:       *  change if an error is thrown.
        -: 1629:      */
        -: 1630:      basic_string&
        -: 1631:      insert(size_type __pos1, const basic_string& __str)
        -: 1632:      { return this->replace(__pos1, size_type(0),
        -: 1633:			     __str._M_data(), __str.size()); }
        -: 1634:
        -: 1635:      /**
        -: 1636:       *  @brief  Insert a substring.
        -: 1637:       *  @param __pos1  Iterator referencing location in string to insert at.
        -: 1638:       *  @param __str  The string to insert.
        -: 1639:       *  @param __pos2  Start of characters in str to insert.
[...]
        -: 6311:
        -: 6312:  /**
        -: 6313:   *  @brief  Write string to a stream.
        -: 6314:   *  @param __os  Output stream.
        -: 6315:   *  @param __str  String to write out.
        -: 6316:   *  @return  Reference to the output stream.
        -: 6317:   *
        -: 6318:   *  Output characters of @a __str into os following the same rules as for
        -: 6319:   *  writing a C string.
        -: 6320:   */
        -: 6321:  template<typename _CharT, typename _Traits, typename _Alloc>
        -: 6322:    inline basic_ostream<_CharT, _Traits>&
        -: 6323:    operator<<(basic_ostream<_CharT, _Traits>& __os,
        -: 6324:	       const basic_string<_CharT, _Traits, _Alloc>& __str)
        -: 6325:    {
        -: 6326:      // _GLIBCXX_RESOLVE_LIB_DEFECTS
        -: 6327:      // 586. string inserter not a formatted function
        -: 6328:      return __ostream_insert(__os, __str.data(), __str.size());
        -: 6329:    }
        -: 6330:
        -: 6331:  /**
        -: 6332:   *  @brief  Read a line from stream into a string.
        -: 6333:   *  @param __is  Input stream.
        -: 6334:   *  @param __str  Buffer to store into.
        -: 6335:   *  @param __delim  Character marking end of line.
        -: 6336:   *  @return  Reference to the input stream.
        -: 6337:   *
        -: 6338:   *  Stores characters from @a __is into @a __str until @a __delim is
        -: 6339:   *  found, the end of the stream is encountered, or str.max_size()
        -: 6340:   *  is reached.  Any previous contents of @a __str are erased.  If
        -: 6341:   *  @a __delim is encountered, it is extracted but not stored into
        -: 6342:   *  @a __str.
        -: 6343:   */
        -: 6344:  template<typename _CharT, typename _Traits, typename _Alloc>
        -: 6345:    basic_istream<_CharT, _Traits>&
        -: 6346:    getline(basic_istream<_CharT, _Traits>& __is,
        -: 6347:	    basic_string<_CharT, _Traits, _Alloc>& __str, _CharT __delim);
        -: 6348:
        -: 6349:  /**
        -: 6350:   *  @brief  Read a line from stream into a string.
        -: 6351:   *  @param __is  Input stream.
        -: 6352:   *  @param __str  Buffer to store into.
        -: 6353:   *  @return  Reference to the input stream.
        -: 6354:   *
        -: 6355:   *  Stores characters from is into @a __str until &apos;\n&apos; is
        -: 6356:   *  found, the end of the stream is encountered, or str.max_size()
        -: 6357:   *  is reached.  Any previous contents of @a __str are erased.  If
        -: 6358:   *  end of line is encountered, it is extracted but not stored into
        -: 6359:   *  @a __str.
        -: 6360:   */
        -: 6361:  template<typename _CharT, typename _Traits, typename _Alloc>
        -: 6362:    inline basic_istream<_CharT, _Traits>&
        -: 6363:    getline(basic_istream<_CharT, _Traits>& __is,
        -: 6364:	    basic_string<_CharT, _Traits, _Alloc>& __str)
        -: 6365:    { return std::getline(__is, __str, __is.widen('\n')); }
        -: 6366:
        -: 6367:#if __cplusplus >= 201103L
        -: 6368:  /// Read a line from an rvalue stream into a string.
        -: 6369:  template<typename _CharT, typename _Traits, typename _Alloc>
        -: 6370:    inline basic_istream<_CharT, _Traits>&
        -: 6371:    getline(basic_istream<_CharT, _Traits>&& __is,
        -: 6372:	    basic_string<_CharT, _Traits, _Alloc>& __str, _CharT __delim)
        -: 6373:    { return std::getline(__is, __str, __delim); }
        -: 6374:
        -: 6375:  /// Read a line from an rvalue stream into a string.
        -: 6376:  template<typename _CharT, typename _Traits, typename _Alloc>
        -: 6377:    inline basic_istream<_CharT, _Traits>&
        -: 6378:    getline(basic_istream<_CharT, _Traits>&& __is,
        -: 6379:	    basic_string<_CharT, _Traits, _Alloc>& __str)
        -: 6380:    { return std::getline(__is, __str); }
        -: 6381:#endif
        -: 6382:
        -: 6383:  template<>
        -: 6384:    basic_istream<char>&
        -: 6385:    getline(basic_istream<char>& __in, basic_string<char>& __str,
        -: 6386:	    char __delim);
        -: 6387:
        -: 6388:#ifdef _GLIBCXX_USE_WCHAR_T
        -: 6389:  template<>
        -: 6390:    basic_istream<wchar_t>&
        -: 6391:    getline(basic_istream<wchar_t>& __in, basic_string<wchar_t>& __str,
        -: 6392:	    wchar_t __delim);
        -: 6393:#endif  
        -: 6394:
        -: 6395:_GLIBCXX_END_NAMESPACE_VERSION
        -: 6396:} // namespace
        -: 6397:
        -: 6398:#if __cplusplus >= 201103L
        -: 6399:
        -: 6400:#include <ext/string_conversions.h>
        -: 6401:
        -: 6402:namespace std _GLIBCXX_VISIBILITY(default)
        -: 6403:{
        -: 6404:_GLIBCXX_BEGIN_NAMESPACE_VERSION
        -: 6405:_GLIBCXX_BEGIN_NAMESPACE_CXX11
        -: 6406:
        -: 6407:#if _GLIBCXX_USE_C99_STDLIB
        -: 6408:  // 21.4 Numeric Conversions [string.conversions].
        -: 6409:  inline int
        -: 6410:  stoi(const string& __str, size_t* __idx = 0, int __base = 10)
        -: 6411:  { return __gnu_cxx::__stoa<long, int>(&std::strtol, "stoi", __str.c_str(),
        -: 6412:					__idx, __base); }
        -: 6413:
        -: 6414:  inline long
        -: 6415:  stol(const string& __str, size_t* __idx = 0, int __base = 10)
        -: 6416:  { return __gnu_cxx::__stoa(&std::strtol, "stol", __str.c_str(),
        -: 6417:			     __idx, __base); }
        -: 6418:
        -: 6419:  inline unsigned long
        -: 6420:  stoul(const string& __str, size_t* __idx = 0, int __base = 10)
        -: 6421:  { return __gnu_cxx::__stoa(&std::strtoul, "stoul", __str.c_str(),
        -: 6422:			     __idx, __base); }
        -: 6423:
        -: 6424:  inline long long
        -: 6425:  stoll(const string& __str, size_t* __idx = 0, int __base = 10)
        -: 6426:  { return __gnu_cxx::__stoa(&std::strtoll, "stoll", __str.c_str(),
        -: 6427:			     __idx, __base); }
        -: 6428:
        -: 6429:  inline unsigned long long
        -: 6430:  stoull(const string& __str, size_t* __idx = 0, int __base = 10)
        -: 6431:  { return __gnu_cxx::__stoa(&std::strtoull, "stoull", __str.c_str(),
        -: 6432:			     __idx, __base); }
        -: 6433:
        -: 6434:  // NB: strtof vs strtod.
        -: 6435:  inline float
        -: 6436:  stof(const string& __str, size_t* __idx = 0)
        -: 6437:  { return __gnu_cxx::__stoa(&std::strtof, "stof", __str.c_str(), __idx); }
        -: 6438:
        -: 6439:  inline double
        -: 6440:  stod(const string& __str, size_t* __idx = 0)
        -: 6441:  { return __gnu_cxx::__stoa(&std::strtod, "stod", __str.c_str(), __idx); }
        -: 6442:
        -: 6443:  inline long double
        -: 6444:  stold(const string& __str, size_t* __idx = 0)
        -: 6445:  { return __gnu_cxx::__stoa(&std::strtold, "stold", __str.c_str(), __idx); }
        -: 6446:#endif // _GLIBCXX_USE_C99_STDLIB
        -: 6447:
        -: 6448:#if _GLIBCXX_USE_C99_STDIO
        -: 6449:  // NB: (v)snprintf vs sprintf.
        -: 6450:
        -: 6451:  // DR 1261.
        -: 6452:  inline string
        -: 6453:  to_string(int __val)
        -: 6454:  { return __gnu_cxx::__to_xstring<string>(&std::vsnprintf, 4 * sizeof(int),
        -: 6455:					   "%d", __val); }
        -: 6456:
        -: 6457:  inline string
        -: 6458:  to_string(unsigned __val)
        -: 6459:  { return __gnu_cxx::__to_xstring<string>(&std::vsnprintf,
        -: 6460:					   4 * sizeof(unsigned),
        -: 6461:					   "%u", __val); }
        -: 6462:
        -: 6463:  inline string
        -: 6464:  to_string(long __val)
        -: 6465:  { return __gnu_cxx::__to_xstring<string>(&std::vsnprintf, 4 * sizeof(long),
        -: 6466:					   "%ld", __val); }
        -: 6467:
        -: 6468:  inline string
        -: 6469:  to_string(unsigned long __val)
        -: 6470:  { return __gnu_cxx::__to_xstring<string>(&std::vsnprintf,
        -: 6471:					   4 * sizeof(unsigned long),
        -: 6472:					   "%lu", __val); }
        -: 6473:
        -: 6474:  inline string
        -: 6475:  to_string(long long __val)
        -: 6476:  { return __gnu_cxx::__to_xstring<string>(&std::vsnprintf,
        -: 6477:					   4 * sizeof(long long),
        -: 6478:					   "%lld", __val); }
        -: 6479:
        -: 6480:  inline string
        -: 6481:  to_string(unsigned long long __val)
        -: 6482:  { return __gnu_cxx::__to_xstring<string>(&std::vsnprintf,
        -: 6483:					   4 * sizeof(unsigned long long),
        -: 6484:					   "%llu", __val); }
        -: 6485:
        -: 6486:  inline string
        -: 6487:  to_string(float __val)
        -: 6488:  {
        -: 6489:    const int __n = 
        -: 6490:      __gnu_cxx::__numeric_traits<float>::__max_exponent10 + 20;
        -: 6491:    return __gnu_cxx::__to_xstring<string>(&std::vsnprintf, __n,
        -: 6492:					   "%f", __val);
        -: 6493:  }
        -: 6494:
        -: 6495:  inline string
        -: 6496:  to_string(double __val)
        -: 6497:  {
        -: 6498:    const int __n = 
        -: 6499:      __gnu_cxx::__numeric_traits<double>::__max_exponent10 + 20;
        -: 6500:    return __gnu_cxx::__to_xstring<string>(&std::vsnprintf, __n,
        -: 6501:					   "%f", __val);
        -: 6502:  }
        -: 6503:
        -: 6504:  inline string
        -: 6505:  to_string(long double __val)
        -: 6506:  {
        -: 6507:    const int __n = 
        -: 6508:      __gnu_cxx::__numeric_traits<long double>::__max_exponent10 + 20;
        -: 6509:    return __gnu_cxx::__to_xstring<string>(&std::vsnprintf, __n,
        -: 6510:					   "%Lf", __val);
        -: 6511:  }
        -: 6512:#endif // _GLIBCXX_USE_C99_STDIO
        -: 6513:
        -: 6514:#if defined(_GLIBCXX_USE_WCHAR_T) && _GLIBCXX_USE_C99_WCHAR
        -: 6515:  inline int 
        -: 6516:  stoi(const wstring& __str, size_t* __idx = 0, int __base = 10)
        -: 6517:  { return __gnu_cxx::__stoa<long, int>(&std::wcstol, "stoi", __str.c_str(),
        -: 6518:					__idx, __base); }
        -: 6519:
        -: 6520:  inline long 
        -: 6521:  stol(const wstring& __str, size_t* __idx = 0, int __base = 10)
        -: 6522:  { return __gnu_cxx::__stoa(&std::wcstol, "stol", __str.c_str(),
        -: 6523:			     __idx, __base); }
        -: 6524:
        -: 6525:  inline unsigned long
        -: 6526:  stoul(const wstring& __str, size_t* __idx = 0, int __base = 10)
        -: 6527:  { return __gnu_cxx::__stoa(&std::wcstoul, "stoul", __str.c_str(),
        -: 6528:			     __idx, __base); }
        -: 6529:
        -: 6530:  inline long long
        -: 6531:  stoll(const wstring& __str, size_t* __idx = 0, int __base = 10)
        -: 6532:  { return __gnu_cxx::__stoa(&std::wcstoll, "stoll", __str.c_str(),
        -: 6533:			     __idx, __base); }
        -: 6534:
        -: 6535:  inline unsigned long long
        -: 6536:  stoull(const wstring& __str, size_t* __idx = 0, int __base = 10)
        -: 6537:  { return __gnu_cxx::__stoa(&std::wcstoull, "stoull", __str.c_str(),
        -: 6538:			     __idx, __base); }
        -: 6539:
        -: 6540:  // NB: wcstof vs wcstod.
        -: 6541:  inline float
        -: 6542:  stof(const wstring& __str, size_t* __idx = 0)
        -: 6543:  { return __gnu_cxx::__stoa(&std::wcstof, "stof", __str.c_str(), __idx); }
        -: 6544:
        -: 6545:  inline double
        -: 6546:  stod(const wstring& __str, size_t* __idx = 0)
        -: 6547:  { return __gnu_cxx::__stoa(&std::wcstod, "stod", __str.c_str(), __idx); }
        -: 6548:
        -: 6549:  inline long double
        -: 6550:  stold(const wstring& __str, size_t* __idx = 0)
        -: 6551:  { return __gnu_cxx::__stoa(&std::wcstold, "stold", __str.c_str(), __idx); }
        -: 6552:
        -: 6553:#ifndef _GLIBCXX_HAVE_BROKEN_VSWPRINTF
        -: 6554:  // DR 1261.
        -: 6555:  inline wstring
        -: 6556:  to_wstring(int __val)
        -: 6557:  { return __gnu_cxx::__to_xstring<wstring>(&std::vswprintf, 4 * sizeof(int),
        -: 6558:					    L"%d", __val); }
        -: 6559:
        -: 6560:  inline wstring
        -: 6561:  to_wstring(unsigned __val)
        -: 6562:  { return __gnu_cxx::__to_xstring<wstring>(&std::vswprintf,
        -: 6563:					    4 * sizeof(unsigned),
        -: 6564:					    L"%u", __val); }
        -: 6565:
        -: 6566:  inline wstring
        -: 6567:  to_wstring(long __val)
        -: 6568:  { return __gnu_cxx::__to_xstring<wstring>(&std::vswprintf, 4 * sizeof(long),
        -: 6569:					    L"%ld", __val); }
        -: 6570:
        -: 6571:  inline wstring
        -: 6572:  to_wstring(unsigned long __val)
        -: 6573:  { return __gnu_cxx::__to_xstring<wstring>(&std::vswprintf,
        -: 6574:					    4 * sizeof(unsigned long),
        -: 6575:					    L"%lu", __val); }
        -: 6576:
        -: 6577:  inline wstring
        -: 6578:  to_wstring(long long __val)
        -: 6579:  { return __gnu_cxx::__to_xstring<wstring>(&std::vswprintf,
        -: 6580:					    4 * sizeof(long long),
        -: 6581:					    L"%lld", __val); }
        -: 6582:
        -: 6583:  inline wstring
        -: 6584:  to_wstring(unsigned long long __val)
        -: 6585:  { return __gnu_cxx::__to_xstring<wstring>(&std::vswprintf,
        -: 6586:					    4 * sizeof(unsigned long long),
        -: 6587:					    L"%llu", __val); }
        -: 6588:
        -: 6589:  inline wstring
        -: 6590:  to_wstring(float __val)
        -: 6591:  {
        -: 6592:    const int __n =
        -: 6593:      __gnu_cxx::__numeric_traits<float>::__max_exponent10 + 20;
        -: 6594:    return __gnu_cxx::__to_xstring<wstring>(&std::vswprintf, __n,
        -: 6595:					    L"%f", __val);
        -: 6596:  }
        -: 6597:
        -: 6598:  inline wstring
        -: 6599:  to_wstring(double __val)
        -: 6600:  {
        -: 6601:    const int __n =
        -: 6602:      __gnu_cxx::__numeric_traits<double>::__max_exponent10 + 20;
        -: 6603:    return __gnu_cxx::__to_xstring<wstring>(&std::vswprintf, __n,
        -: 6604:					    L"%f", __val);
        -: 6605:  }
        -: 6606:
        -: 6607:  inline wstring
        -: 6608:  to_wstring(long double __val)
        -: 6609:  {
        -: 6610:    const int __n =
        -: 6611:      __gnu_cxx::__numeric_traits<long double>::__max_exponent10 + 20;
        -: 6612:    return __gnu_cxx::__to_xstring<wstring>(&std::vswprintf, __n,
        -: 6613:					    L"%Lf", __val);
        -: 6614:  }
        -: 6615:#endif // _GLIBCXX_HAVE_BROKEN_VSWPRINTF
        -: 6616:#endif // _GLIBCXX_USE_WCHAR_T && _GLIBCXX_USE_C99_WCHAR
        -: 6617:
        -: 6618:_GLIBCXX_END_NAMESPACE_CXX11
        -: 6619:_GLIBCXX_END_NAMESPACE_VERSION
        -: 6620:} // namespace
        -: 6621:
        -: 6622:#endif /* C++11 */
        -: 6623:
        -: 6624:#if __cplusplus >= 201103L
        -: 6625:
        -: 6626:#include <bits/functional_hash.h>
        -: 6627:
        -: 6628:namespace std _GLIBCXX_VISIBILITY(default)
        -: 6629:{
        -: 6630:_GLIBCXX_BEGIN_NAMESPACE_VERSION
        -: 6631:
        -: 6632:  // DR 1182.
        -: 6633:
        -: 6634:#ifndef _GLIBCXX_COMPATIBILITY_CXX0X
        -: 6635:  /// std::hash specialization for string.
        -: 6636:  template<>
        -: 6637:    struct hash<string>
        -: 6638:    : public __hash_base<size_t, string>
        -: 6639:    {
        -: 6640:      size_t
        -: 6641:      operator()(const string& __s) const noexcept
        -: 6642:      { return std::_Hash_impl::hash(__s.data(), __s.length()); }
        -: 6643:    };
        -: 6644:
        -: 6645:  template<>
        -: 6646:    struct __is_fast_hash<hash<string>> : std::false_type
        -: 6647:    { };
        -: 6648:
        -: 6649:#ifdef _GLIBCXX_USE_WCHAR_T
        -: 6650:  /// std::hash specialization for wstring.
        -: 6651:  template<>
        -: 6652:    struct hash<wstring>
        -: 6653:    : public __hash_base<size_t, wstring>
        -: 6654:    {
        -: 6655:      size_t
        -: 6656:      operator()(const wstring& __s) const noexcept
        -: 6657:      { return std::_Hash_impl::hash(__s.data(),
        -: 6658:                                     __s.length() * sizeof(wchar_t)); }
        -: 6659:    };
        -: 6660:
        -: 6661:  template<>
        -: 6662:    struct __is_fast_hash<hash<wstring>> : std::false_type
        -: 6663:    { };
        -: 6664:#endif
        -: 6665:#endif /* _GLIBCXX_COMPATIBILITY_CXX0X */
        -: 6666:
        -: 6667:#ifdef _GLIBCXX_USE_C99_STDINT_TR1
        -: 6668:  /// std::hash specialization for u16string.
        -: 6669:  template<>
        -: 6670:    struct hash<u16string>
        -: 6671:    : public __hash_base<size_t, u16string>
        -: 6672:    {
        -: 6673:      size_t
        -: 6674:      operator()(const u16string& __s) const noexcept
        -: 6675:      { return std::_Hash_impl::hash(__s.data(),
        -: 6676:                                     __s.length() * sizeof(char16_t)); }
        -: 6677:    };
        -: 6678:
        -: 6679:  template<>
        -: 6680:    struct __is_fast_hash<hash<u16string>> : std::false_type
        -: 6681:    { };
        -: 6682:
        -: 6683:  /// std::hash specialization for u32string.
        -: 6684:  template<>
        -: 6685:    struct hash<u32string>
        -: 6686:    : public __hash_base<size_t, u32string>
        -: 6687:    {
        -: 6688:      size_t
        -: 6689:      operator()(const u32string& __s) const noexcept
        -: 6690:      { return std::_Hash_impl::hash(__s.data(),
        -: 6691:                                     __s.length() * sizeof(char32_t)); }
        -: 6692:    };
        -: 6693:
        -: 6694:  template<>
        -: 6695:    struct __is_fast_hash<hash<u32string>> : std::false_type
        -: 6696:    { };
        -: 6697:#endif
        -: 6698:
        -: 6699:#if __cplusplus > 201103L
        -: 6700:
        -: 6701:#define __cpp_lib_string_udls 201304
        -: 6702:
        -: 6703:  inline namespace literals
        -: 6704:  {
        -: 6705:  inline namespace string_literals
        -: 6706:  {
        -: 6707:#pragma GCC diagnostic push
        -: 6708:#pragma GCC diagnostic ignored "-Wliteral-suffix"
        -: 6709:    _GLIBCXX_DEFAULT_ABI_TAG
        -: 6710:    inline basic_string<char>
        -: 6711:    operator""s(const char* __str, size_t __len)
        -: 6712:    { return basic_string<char>{__str, __len}; }
        -: 6713:
        -: 6714:#ifdef _GLIBCXX_USE_WCHAR_T
        -: 6715:    _GLIBCXX_DEFAULT_ABI_TAG
        -: 6716:    inline basic_string<wchar_t>
        -: 6717:    operator""s(const wchar_t* __str, size_t __len)
        -: 6718:    { return basic_string<wchar_t>{__str, __len}; }
        -: 6719:#endif
        -: 6720:
        -: 6721:#ifdef _GLIBCXX_USE_C99_STDINT_TR1
        -: 6722:    _GLIBCXX_DEFAULT_ABI_TAG
        -: 6723:    inline basic_string<char16_t>
        -: 6724:    operator""s(const char16_t* __str, size_t __len)
        -: 6725:    { return basic_string<char16_t>{__str, __len}; }
        -: 6726:
        -: 6727:    _GLIBCXX_DEFAULT_ABI_TAG
        -: 6728:    inline basic_string<char32_t>
        -: 6729:    operator""s(const char32_t* __str, size_t __len)
        -: 6730:    { return basic_string<char32_t>{__str, __len}; }
        -: 6731:#endif
        -: 6732:
        -: 6733:#pragma GCC diagnostic pop
        -: 6734:  } // inline namespace string_literals
        -: 6735:  } // inline namespace literals
        -: 6736:
        -: 6737:#endif // __cplusplus > 201103L
        -: 6738:
        -: 6739:_GLIBCXX_END_NAMESPACE_VERSION
        -: 6740:} // namespace std
        -: 6741:
        -: 6742:#endif // C++11
        -: 6743:
        -: 6744:#endif /* _BASIC_STRING_H */
